2023-06-14 13:13:35,410 [Worker-4: Loading available Gradle versions] INFO  o.e.b.c.i.u.g.PublishedGradleVersions - Gradle version information cache is out-of-date. Trying to update.
2023-06-14 13:16:16,224 [Worker-2: Launching mavenrun-0af1b3f9-dfca-4eba-8957-ecfa49b5ed80] INFO  o.eclipse.m2e.core.internal.Bundles - getClasspathEntries(Bundle=org.eclipse.m2e.maven.runtime_3.8.701.20230209-1606 [346])
2023-06-14 13:16:16,244 [Worker-2: Launching mavenrun-0af1b3f9-dfca-4eba-8957-ecfa49b5ed80] INFO  o.eclipse.m2e.core.internal.Bundles - 	Entry: C:\Users\ravin\Downloads\sts-4.18.0.RELEASE\plugins\org.eclipse.m2e.maven.runtime_3.8.701.20230209-1606
2023-06-14 13:16:16,245 [Worker-2: Launching mavenrun-0af1b3f9-dfca-4eba-8957-ecfa49b5ed80] INFO  o.eclipse.m2e.core.internal.Bundles - 	Entry: C:\Users\ravin\Downloads\sts-4.18.0.RELEASE\plugins\org.eclipse.m2e.maven.runtime_3.8.701.20230209-1606\jars\aether-connector-okhttp-0.17.8.jar
2023-06-14 13:16:16,246 [Worker-2: Launching mavenrun-0af1b3f9-dfca-4eba-8957-ecfa49b5ed80] INFO  o.eclipse.m2e.core.internal.Bundles - 	Entry: C:\Users\ravin\Downloads\sts-4.18.0.RELEASE\plugins\org.eclipse.m2e.maven.runtime_3.8.701.20230209-1606\jars\commons-lang3-3.8.1.jar
2023-06-14 13:16:16,246 [Worker-2: Launching mavenrun-0af1b3f9-dfca-4eba-8957-ecfa49b5ed80] INFO  o.eclipse.m2e.core.internal.Bundles - 	Entry: C:\Users\ravin\Downloads\sts-4.18.0.RELEASE\plugins\org.eclipse.m2e.maven.runtime_3.8.701.20230209-1606\jars\guice-4.2.2-no_aop.jar
2023-06-14 13:16:16,246 [Worker-2: Launching mavenrun-0af1b3f9-dfca-4eba-8957-ecfa49b5ed80] INFO  o.eclipse.m2e.core.internal.Bundles - 	Entry: C:\Users\ravin\Downloads\sts-4.18.0.RELEASE\plugins\org.eclipse.m2e.maven.runtime_3.8.701.20230209-1606\jars\jansi-2.4.0.jar
2023-06-14 13:16:16,246 [Worker-2: Launching mavenrun-0af1b3f9-dfca-4eba-8957-ecfa49b5ed80] INFO  o.eclipse.m2e.core.internal.Bundles - 	Entry: C:\Users\ravin\Downloads\sts-4.18.0.RELEASE\plugins\org.eclipse.m2e.maven.runtime_3.8.701.20230209-1606\jars\maven-artifact-3.8.7.jar
2023-06-14 13:16:16,247 [Worker-2: Launching mavenrun-0af1b3f9-dfca-4eba-8957-ecfa49b5ed80] INFO  o.eclipse.m2e.core.internal.Bundles - 	Entry: C:\Users\ravin\Downloads\sts-4.18.0.RELEASE\plugins\org.eclipse.m2e.maven.runtime_3.8.701.20230209-1606\jars\maven-builder-support-3.8.7.jar
2023-06-14 13:16:16,247 [Worker-2: Launching mavenrun-0af1b3f9-dfca-4eba-8957-ecfa49b5ed80] INFO  o.eclipse.m2e.core.internal.Bundles - 	Entry: C:\Users\ravin\Downloads\sts-4.18.0.RELEASE\plugins\org.eclipse.m2e.maven.runtime_3.8.701.20230209-1606\jars\maven-compat-3.8.7.jar
2023-06-14 13:16:16,247 [Worker-2: Launching mavenrun-0af1b3f9-dfca-4eba-8957-ecfa49b5ed80] INFO  o.eclipse.m2e.core.internal.Bundles - 	Entry: C:\Users\ravin\Downloads\sts-4.18.0.RELEASE\plugins\org.eclipse.m2e.maven.runtime_3.8.701.20230209-1606\jars\maven-core-3.8.7.jar
2023-06-14 13:16:16,247 [Worker-2: Launching mavenrun-0af1b3f9-dfca-4eba-8957-ecfa49b5ed80] INFO  o.eclipse.m2e.core.internal.Bundles - 	Entry: C:\Users\ravin\Downloads\sts-4.18.0.RELEASE\plugins\org.eclipse.m2e.maven.runtime_3.8.701.20230209-1606\jars\maven-embedder-3.8.7.jar
2023-06-14 13:16:16,247 [Worker-2: Launching mavenrun-0af1b3f9-dfca-4eba-8957-ecfa49b5ed80] INFO  o.eclipse.m2e.core.internal.Bundles - 	Entry: C:\Users\ravin\Downloads\sts-4.18.0.RELEASE\plugins\org.eclipse.m2e.maven.runtime_3.8.701.20230209-1606\jars\maven-model-3.8.7.jar
2023-06-14 13:16:16,248 [Worker-2: Launching mavenrun-0af1b3f9-dfca-4eba-8957-ecfa49b5ed80] INFO  o.eclipse.m2e.core.internal.Bundles - 	Entry: C:\Users\ravin\Downloads\sts-4.18.0.RELEASE\plugins\org.eclipse.m2e.maven.runtime_3.8.701.20230209-1606\jars\maven-model-builder-3.8.7.jar
2023-06-14 13:16:16,248 [Worker-2: Launching mavenrun-0af1b3f9-dfca-4eba-8957-ecfa49b5ed80] INFO  o.eclipse.m2e.core.internal.Bundles - 	Entry: C:\Users\ravin\Downloads\sts-4.18.0.RELEASE\plugins\org.eclipse.m2e.maven.runtime_3.8.701.20230209-1606\jars\maven-plugin-api-3.8.7.jar
2023-06-14 13:16:16,248 [Worker-2: Launching mavenrun-0af1b3f9-dfca-4eba-8957-ecfa49b5ed80] INFO  o.eclipse.m2e.core.internal.Bundles - 	Entry: C:\Users\ravin\Downloads\sts-4.18.0.RELEASE\plugins\org.eclipse.m2e.maven.runtime_3.8.701.20230209-1606\jars\maven-repository-metadata-3.8.7.jar
2023-06-14 13:16:16,249 [Worker-2: Launching mavenrun-0af1b3f9-dfca-4eba-8957-ecfa49b5ed80] INFO  o.eclipse.m2e.core.internal.Bundles - 	Entry: C:\Users\ravin\Downloads\sts-4.18.0.RELEASE\plugins\org.eclipse.m2e.maven.runtime_3.8.701.20230209-1606\jars\maven-resolver-api-1.6.3.jar
2023-06-14 13:16:16,249 [Worker-2: Launching mavenrun-0af1b3f9-dfca-4eba-8957-ecfa49b5ed80] INFO  o.eclipse.m2e.core.internal.Bundles - 	Entry: C:\Users\ravin\Downloads\sts-4.18.0.RELEASE\plugins\org.eclipse.m2e.maven.runtime_3.8.701.20230209-1606\jars\maven-resolver-connector-basic-1.6.3.jar
2023-06-14 13:16:16,249 [Worker-2: Launching mavenrun-0af1b3f9-dfca-4eba-8957-ecfa49b5ed80] INFO  o.eclipse.m2e.core.internal.Bundles - 	Entry: C:\Users\ravin\Downloads\sts-4.18.0.RELEASE\plugins\org.eclipse.m2e.maven.runtime_3.8.701.20230209-1606\jars\maven-resolver-impl-1.6.3.jar
2023-06-14 13:16:16,249 [Worker-2: Launching mavenrun-0af1b3f9-dfca-4eba-8957-ecfa49b5ed80] INFO  o.eclipse.m2e.core.internal.Bundles - 	Entry: C:\Users\ravin\Downloads\sts-4.18.0.RELEASE\plugins\org.eclipse.m2e.maven.runtime_3.8.701.20230209-1606\jars\maven-resolver-provider-3.8.7.jar
2023-06-14 13:16:16,249 [Worker-2: Launching mavenrun-0af1b3f9-dfca-4eba-8957-ecfa49b5ed80] INFO  o.eclipse.m2e.core.internal.Bundles - 	Entry: C:\Users\ravin\Downloads\sts-4.18.0.RELEASE\plugins\org.eclipse.m2e.maven.runtime_3.8.701.20230209-1606\jars\maven-resolver-spi-1.6.3.jar
2023-06-14 13:16:16,250 [Worker-2: Launching mavenrun-0af1b3f9-dfca-4eba-8957-ecfa49b5ed80] INFO  o.eclipse.m2e.core.internal.Bundles - 	Entry: C:\Users\ravin\Downloads\sts-4.18.0.RELEASE\plugins\org.eclipse.m2e.maven.runtime_3.8.701.20230209-1606\jars\maven-resolver-transport-wagon-1.6.3.jar
2023-06-14 13:16:16,250 [Worker-2: Launching mavenrun-0af1b3f9-dfca-4eba-8957-ecfa49b5ed80] INFO  o.eclipse.m2e.core.internal.Bundles - 	Entry: C:\Users\ravin\Downloads\sts-4.18.0.RELEASE\plugins\org.eclipse.m2e.maven.runtime_3.8.701.20230209-1606\jars\maven-resolver-util-1.6.3.jar
2023-06-14 13:16:16,250 [Worker-2: Launching mavenrun-0af1b3f9-dfca-4eba-8957-ecfa49b5ed80] INFO  o.eclipse.m2e.core.internal.Bundles - 	Entry: C:\Users\ravin\Downloads\sts-4.18.0.RELEASE\plugins\org.eclipse.m2e.maven.runtime_3.8.701.20230209-1606\jars\maven-settings-3.8.7.jar
2023-06-14 13:16:16,250 [Worker-2: Launching mavenrun-0af1b3f9-dfca-4eba-8957-ecfa49b5ed80] INFO  o.eclipse.m2e.core.internal.Bundles - 	Entry: C:\Users\ravin\Downloads\sts-4.18.0.RELEASE\plugins\org.eclipse.m2e.maven.runtime_3.8.701.20230209-1606\jars\maven-settings-builder-3.8.7.jar
2023-06-14 13:16:16,250 [Worker-2: Launching mavenrun-0af1b3f9-dfca-4eba-8957-ecfa49b5ed80] INFO  o.eclipse.m2e.core.internal.Bundles - 	Entry: C:\Users\ravin\Downloads\sts-4.18.0.RELEASE\plugins\org.eclipse.m2e.maven.runtime_3.8.701.20230209-1606\jars\maven-shared-utils-3.3.4.jar
2023-06-14 13:16:16,250 [Worker-2: Launching mavenrun-0af1b3f9-dfca-4eba-8957-ecfa49b5ed80] INFO  o.eclipse.m2e.core.internal.Bundles - 	Entry: C:\Users\ravin\Downloads\sts-4.18.0.RELEASE\plugins\org.eclipse.m2e.maven.runtime_3.8.701.20230209-1606\jars\okhttp-3.14.1.jar
2023-06-14 13:16:16,251 [Worker-2: Launching mavenrun-0af1b3f9-dfca-4eba-8957-ecfa49b5ed80] INFO  o.eclipse.m2e.core.internal.Bundles - 	Entry: C:\Users\ravin\Downloads\sts-4.18.0.RELEASE\plugins\org.eclipse.m2e.maven.runtime_3.8.701.20230209-1606\jars\okio-1.17.3.jar
2023-06-14 13:16:16,251 [Worker-2: Launching mavenrun-0af1b3f9-dfca-4eba-8957-ecfa49b5ed80] INFO  o.eclipse.m2e.core.internal.Bundles - 	Entry: C:\Users\ravin\Downloads\sts-4.18.0.RELEASE\plugins\org.eclipse.m2e.maven.runtime_3.8.701.20230209-1606\jars\org.eclipse.sisu.inject-0.3.5.jar
2023-06-14 13:16:16,251 [Worker-2: Launching mavenrun-0af1b3f9-dfca-4eba-8957-ecfa49b5ed80] INFO  o.eclipse.m2e.core.internal.Bundles - 	Entry: C:\Users\ravin\Downloads\sts-4.18.0.RELEASE\plugins\org.eclipse.m2e.maven.runtime_3.8.701.20230209-1606\jars\org.eclipse.sisu.plexus-0.3.5.jar
2023-06-14 13:16:16,251 [Worker-2: Launching mavenrun-0af1b3f9-dfca-4eba-8957-ecfa49b5ed80] INFO  o.eclipse.m2e.core.internal.Bundles - 	Entry: C:\Users\ravin\Downloads\sts-4.18.0.RELEASE\plugins\org.eclipse.m2e.maven.runtime_3.8.701.20230209-1606\jars\plexus-build-api-0.0.7.jar
2023-06-14 13:16:16,252 [Worker-2: Launching mavenrun-0af1b3f9-dfca-4eba-8957-ecfa49b5ed80] INFO  o.eclipse.m2e.core.internal.Bundles - 	Entry: C:\Users\ravin\Downloads\sts-4.18.0.RELEASE\plugins\org.eclipse.m2e.maven.runtime_3.8.701.20230209-1606\jars\plexus-cipher-2.0.jar
2023-06-14 13:16:16,252 [Worker-2: Launching mavenrun-0af1b3f9-dfca-4eba-8957-ecfa49b5ed80] INFO  o.eclipse.m2e.core.internal.Bundles - 	Entry: C:\Users\ravin\Downloads\sts-4.18.0.RELEASE\plugins\org.eclipse.m2e.maven.runtime_3.8.701.20230209-1606\jars\plexus-classworlds-2.6.0.jar
2023-06-14 13:16:16,252 [Worker-2: Launching mavenrun-0af1b3f9-dfca-4eba-8957-ecfa49b5ed80] INFO  o.eclipse.m2e.core.internal.Bundles - 	Entry: C:\Users\ravin\Downloads\sts-4.18.0.RELEASE\plugins\org.eclipse.m2e.maven.runtime_3.8.701.20230209-1606\jars\plexus-component-annotations-2.1.0.jar
2023-06-14 13:16:16,252 [Worker-2: Launching mavenrun-0af1b3f9-dfca-4eba-8957-ecfa49b5ed80] INFO  o.eclipse.m2e.core.internal.Bundles - 	Entry: C:\Users\ravin\Downloads\sts-4.18.0.RELEASE\plugins\org.eclipse.m2e.maven.runtime_3.8.701.20230209-1606\jars\plexus-interpolation-1.26.jar
2023-06-14 13:16:16,253 [Worker-2: Launching mavenrun-0af1b3f9-dfca-4eba-8957-ecfa49b5ed80] INFO  o.eclipse.m2e.core.internal.Bundles - 	Entry: C:\Users\ravin\Downloads\sts-4.18.0.RELEASE\plugins\org.eclipse.m2e.maven.runtime_3.8.701.20230209-1606\jars\plexus-sec-dispatcher-2.0.jar
2023-06-14 13:16:16,254 [Worker-2: Launching mavenrun-0af1b3f9-dfca-4eba-8957-ecfa49b5ed80] INFO  o.eclipse.m2e.core.internal.Bundles - 	Entry: C:\Users\ravin\Downloads\sts-4.18.0.RELEASE\plugins\org.eclipse.m2e.maven.runtime_3.8.701.20230209-1606\jars\plexus-utils-3.3.1.jar
2023-06-14 13:16:16,254 [Worker-2: Launching mavenrun-0af1b3f9-dfca-4eba-8957-ecfa49b5ed80] INFO  o.eclipse.m2e.core.internal.Bundles - 	Entry: C:\Users\ravin\Downloads\sts-4.18.0.RELEASE\plugins\org.eclipse.m2e.maven.runtime_3.8.701.20230209-1606\jars\wagon-file-3.5.3.jar
2023-06-14 13:16:16,255 [Worker-2: Launching mavenrun-0af1b3f9-dfca-4eba-8957-ecfa49b5ed80] INFO  o.eclipse.m2e.core.internal.Bundles - 	Entry: C:\Users\ravin\Downloads\sts-4.18.0.RELEASE\plugins\org.eclipse.m2e.maven.runtime_3.8.701.20230209-1606\jars\wagon-provider-api-3.5.3.jar
2023-06-14 13:16:16,257 [Worker-2: Launching mavenrun-0af1b3f9-dfca-4eba-8957-ecfa49b5ed80] INFO  o.eclipse.m2e.core.internal.Bundles - getClasspathEntries(Bundle=com.google.guava_31.1.0.jre [23])
2023-06-14 13:16:16,259 [Worker-2: Launching mavenrun-0af1b3f9-dfca-4eba-8957-ecfa49b5ed80] INFO  o.eclipse.m2e.core.internal.Bundles - 	Entry: C:\Users\ravin\Downloads\sts-4.18.0.RELEASE\plugins\com.google.guava_31.1.0.jre.jar
2023-06-14 13:16:16,259 [Worker-2: Launching mavenrun-0af1b3f9-dfca-4eba-8957-ecfa49b5ed80] INFO  o.eclipse.m2e.core.internal.Bundles - getClasspathEntries(Bundle=slf4j.api_1.7.36 [580])
2023-06-14 13:16:16,262 [Worker-2: Launching mavenrun-0af1b3f9-dfca-4eba-8957-ecfa49b5ed80] INFO  o.eclipse.m2e.core.internal.Bundles - 	Entry: C:\Users\ravin\Downloads\sts-4.18.0.RELEASE\plugins\slf4j.api_1.7.36.jar
2023-06-14 13:16:16,262 [Worker-2: Launching mavenrun-0af1b3f9-dfca-4eba-8957-ecfa49b5ed80] INFO  o.eclipse.m2e.core.internal.Bundles - getClasspathEntries(Bundle=javax.inject_1.0.0.v20220405-0441 [50])
2023-06-14 13:16:16,265 [Worker-2: Launching mavenrun-0af1b3f9-dfca-4eba-8957-ecfa49b5ed80] INFO  o.eclipse.m2e.core.internal.Bundles - 	Entry: C:\Users\ravin\Downloads\sts-4.18.0.RELEASE\plugins\javax.inject_1.0.0.v20220405-0441.jar
2023-06-14 13:16:16,265 [Worker-2: Launching mavenrun-0af1b3f9-dfca-4eba-8957-ecfa49b5ed80] INFO  o.eclipse.m2e.core.internal.Bundles - getClasspathEntries(Bundle=javax.annotation_1.3.5.v20221203-1659 [48])
2023-06-14 13:16:16,266 [Worker-2: Launching mavenrun-0af1b3f9-dfca-4eba-8957-ecfa49b5ed80] INFO  o.eclipse.m2e.core.internal.Bundles - 	Entry: C:\Users\ravin\Downloads\sts-4.18.0.RELEASE\plugins\javax.annotation_1.3.5.v20221203-1659.jar
2023-06-14 13:16:16,266 [Worker-2: Launching mavenrun-0af1b3f9-dfca-4eba-8957-ecfa49b5ed80] INFO  o.eclipse.m2e.core.internal.Bundles - getClasspathEntries(Bundle=org.apache.commons.cli_1.4.0.v20221112-0806 [73])
2023-06-14 13:16:16,268 [Worker-2: Launching mavenrun-0af1b3f9-dfca-4eba-8957-ecfa49b5ed80] INFO  o.eclipse.m2e.core.internal.Bundles - 	Entry: C:\Users\ravin\Downloads\sts-4.18.0.RELEASE\plugins\org.apache.commons.cli_1.4.0.v20221112-0806.jar
2023-06-14 13:16:16,268 [Worker-2: Launching mavenrun-0af1b3f9-dfca-4eba-8957-ecfa49b5ed80] INFO  o.eclipse.m2e.core.internal.Bundles - getClasspathEntries(Bundle=com.google.guava.failureaccess_1.0.1 [25])
2023-06-14 13:16:16,269 [Worker-2: Launching mavenrun-0af1b3f9-dfca-4eba-8957-ecfa49b5ed80] INFO  o.eclipse.m2e.core.internal.Bundles - 	Entry: C:\Users\ravin\Downloads\sts-4.18.0.RELEASE\plugins\com.google.guava.failureaccess_1.0.1.jar
2023-06-14 13:16:16,288 [Worker-2: Launching mavenrun-0af1b3f9-dfca-4eba-8957-ecfa49b5ed80] INFO  o.e.m.i.launch.MavenLaunchDelegate - Run build in "C:\Users\ravin\AppData\Local\Temp\m2e-archetypeGenerator5254971059888866330":
2023-06-14 13:16:16,298 [Worker-2: Launching mavenrun-0af1b3f9-dfca-4eba-8957-ecfa49b5ed80] INFO  o.e.m.i.launch.MavenLaunchDelegate -  mvn  -DarchetypeGroupId=org.apache.maven.archetypes -DarchetypeArtifactId=maven-archetype-quickstart -DarchetypeVersion=1.4 -DgroupId=com.masai -DartifactId=House_Renting_System -Dversion=0.0.1-SNAPSHOT -Dpackage=com.masai -DoutputDirectory=C:\Users\ravin\Desktop\B26_SB101_CWProject -B -Dstyle.color=always -U archetype:generate
2023-06-14 13:16:33,575 [Worker-10: Creating maven-archetype-quickstart] INFO  o.e.m.c.i.p.ProjectConfigurationManager - Collecting project info '/pom.xml' C:\Users\ravin\Desktop\B26_SB101_CWProject\House_Renting_System\pom.xml
2023-06-14 13:16:37,487 [Worker-10: Creating maven-archetype-quickstart] INFO  o.e.m.c.i.l.LifecycleMappingFactory - Using org.eclipse.m2e.jdt.JarLifecycleMapping lifecycle mapping for MavenProject: com.masai:House_Renting_System:0.0.1-SNAPSHOT @ C:\Users\ravin\Desktop\B26_SB101_CWProject\House_Renting_System\pom.xml.
2023-06-14 13:16:39,636 [Worker-10: Creating maven-archetype-quickstart] INFO  o.e.m.j.i.AbstractJavaProjectConfigurator - Adding source folder /House_Renting_System/src/main/java
2023-06-14 13:16:39,652 [Worker-10: Creating maven-archetype-quickstart] INFO  o.e.m.j.i.AbstractJavaProjectConfigurator - Adding source folder /House_Renting_System/src/test/java
2023-06-14 13:16:40,259 [Worker-10: Creating maven-archetype-quickstart] INFO  o.e.m.c.i.p.ProjectConfigurationManager - Imported and configured 1 project(s) in 6 sec
2023-06-14 13:16:41,486 [Worker-10: Building] INFO  o.e.m.c.i.embedder.EclipseLogger - Using 'UTF-8' encoding to copy filtered resources.
2023-06-14 13:16:41,486 [Worker-10: Building] INFO  o.e.m.c.i.embedder.EclipseLogger - skip non existing resourceDirectory C:\Users\ravin\Desktop\B26_SB101_CWProject\House_Renting_System\src\main\resources
2023-06-14 13:16:41,491 [Worker-10: Building] INFO  o.e.m.c.i.embedder.EclipseLogger - Using 'UTF-8' encoding to copy filtered resources.
2023-06-14 13:16:41,491 [Worker-10: Building] INFO  o.e.m.c.i.embedder.EclipseLogger - skip non existing resourceDirectory C:\Users\ravin\Desktop\B26_SB101_CWProject\House_Renting_System\src\test\resources
2023-06-14 13:18:21,187 [Worker-0: Building] INFO  o.e.m.c.i.l.LifecycleMappingFactory - Using org.eclipse.m2e.jdt.JarLifecycleMapping lifecycle mapping for MavenProject: com.masai:House_Renting_System:0.0.1-SNAPSHOT @ C:\Users\ravin\Desktop\B26_SB101_CWProject\House_Renting_System\pom.xml.
2023-06-14 13:18:21,336 [Worker-0: Building] WARN  o.e.m.c.i.embedder.EclipseLogger - The artifact mysql:mysql-connector-java:jar:8.0.33 has been relocated to com.mysql:mysql-connector-j:jar:8.0.33: MySQL Connector/J artifacts moved to reverse-DNS compliant Maven 2+ coordinates.
2023-06-14 13:18:21,337 [Worker-0: Building] WARN  o.e.m.c.i.embedder.EclipseLogger - The artifact org.hibernate:hibernate-core:jar:6.1.7.Final has been relocated to org.hibernate.orm:hibernate-core:jar:6.1.7.Final
2023-06-14 13:18:22,857 [Worker-0: Building] INFO  o.e.m.c.i.embedder.EclipseLogger - Using 'UTF-8' encoding to copy filtered resources.
2023-06-14 13:18:22,858 [Worker-0: Building] INFO  o.e.m.c.i.embedder.EclipseLogger - skip non existing resourceDirectory C:\Users\ravin\Desktop\B26_SB101_CWProject\House_Renting_System\src\main\resources
2023-06-14 13:18:22,864 [Worker-0: Building] INFO  o.e.m.c.i.embedder.EclipseLogger - Using 'UTF-8' encoding to copy filtered resources.
2023-06-14 13:18:22,864 [Worker-0: Building] INFO  o.e.m.c.i.embedder.EclipseLogger - skip non existing resourceDirectory C:\Users\ravin\Desktop\B26_SB101_CWProject\House_Renting_System\src\test\resources
2023-06-14 13:18:43,043 [Worker-0: Building] INFO  o.e.m.c.i.embedder.EclipseLogger - Using 'UTF-8' encoding to copy filtered resources.
2023-06-14 13:18:43,043 [Worker-0: Building] INFO  o.e.m.c.i.embedder.EclipseLogger - skip non existing resourceDirectory C:\Users\ravin\Desktop\B26_SB101_CWProject\House_Renting_System\src\main\resources
2023-06-14 13:18:43,046 [Worker-0: Building] INFO  o.e.m.c.i.embedder.EclipseLogger - Using 'UTF-8' encoding to copy filtered resources.
2023-06-14 13:18:43,047 [Worker-0: Building] INFO  o.e.m.c.i.embedder.EclipseLogger - skip non existing resourceDirectory C:\Users\ravin\Desktop\B26_SB101_CWProject\House_Renting_System\src\test\resources
2023-06-14 13:20:29,218 [Worker-0: Building] INFO  o.e.m.c.i.embedder.EclipseLogger - Using 'UTF-8' encoding to copy filtered resources.
2023-06-14 13:20:29,242 [Worker-0: Building] INFO  o.e.m.c.i.embedder.EclipseLogger - Copying 1 resource
2023-06-14 13:20:29,258 [Worker-0: Building] INFO  o.e.m.c.i.embedder.EclipseLogger - Using 'UTF-8' encoding to copy filtered resources.
2023-06-14 13:20:29,258 [Worker-0: Building] INFO  o.e.m.c.i.embedder.EclipseLogger - skip non existing resourceDirectory C:\Users\ravin\Desktop\B26_SB101_CWProject\House_Renting_System\src\test\resources
2023-06-14 13:20:42,645 [Worker-7: Building] INFO  o.e.m.c.i.embedder.EclipseLogger - Using 'UTF-8' encoding to copy filtered resources.
2023-06-14 13:20:42,646 [Worker-7: Building] INFO  o.e.m.c.i.embedder.EclipseLogger - Copying 1 resource
2023-06-14 13:20:42,653 [Worker-7: Building] INFO  o.e.m.c.i.embedder.EclipseLogger - Using 'UTF-8' encoding to copy filtered resources.
2023-06-14 13:20:42,653 [Worker-7: Building] INFO  o.e.m.c.i.embedder.EclipseLogger - skip non existing resourceDirectory C:\Users\ravin\Desktop\B26_SB101_CWProject\House_Renting_System\src\test\resources
2023-06-14 13:22:10,375 [Worker-7: Building] INFO  o.e.m.c.i.embedder.EclipseLogger - Using 'UTF-8' encoding to copy filtered resources.
2023-06-14 13:22:10,377 [Worker-7: Building] INFO  o.e.m.c.i.embedder.EclipseLogger - Copying 1 resource
2023-06-14 13:22:10,389 [Worker-7: Building] INFO  o.e.m.c.i.embedder.EclipseLogger - Using 'UTF-8' encoding to copy filtered resources.
2023-06-14 13:22:10,389 [Worker-7: Building] INFO  o.e.m.c.i.embedder.EclipseLogger - skip non existing resourceDirectory C:\Users\ravin\Desktop\B26_SB101_CWProject\House_Renting_System\src\test\resources
2023-06-14 13:22:18,922 [Worker-1: Updating Maven Project] INFO  o.e.m.c.i.p.ProjectConfigurationManager - Update started
2023-06-14 13:22:19,350 [Worker-1: Updating Maven Project] INFO  o.e.m.c.i.l.LifecycleMappingFactory - Using org.eclipse.m2e.jdt.JarLifecycleMapping lifecycle mapping for MavenProject: com.masai:House_Renting_System:0.0.1-SNAPSHOT @ C:\Users\ravin\Desktop\B26_SB101_CWProject\House_Renting_System\pom.xml.
2023-06-14 13:22:19,437 [Worker-1: Updating Maven Project] WARN  o.e.m.c.i.embedder.EclipseLogger - The artifact mysql:mysql-connector-java:jar:8.0.33 has been relocated to com.mysql:mysql-connector-j:jar:8.0.33: MySQL Connector/J artifacts moved to reverse-DNS compliant Maven 2+ coordinates.
2023-06-14 13:22:19,439 [Worker-1: Updating Maven Project] WARN  o.e.m.c.i.embedder.EclipseLogger - The artifact org.hibernate:hibernate-core:jar:6.1.7.Final has been relocated to org.hibernate.orm:hibernate-core:jar:6.1.7.Final
2023-06-14 13:22:19,749 [Worker-1: Updating Maven Project] INFO  o.e.m.j.i.AbstractJavaProjectConfigurator - Adding source folder /House_Renting_System/src/main/java
2023-06-14 13:22:19,749 [Worker-1: Updating Maven Project] INFO  o.e.m.j.i.AbstractJavaProjectConfigurator - Adding resource folder /House_Renting_System/src/main/resources
2023-06-14 13:22:19,766 [Worker-1: Updating Maven Project] INFO  o.e.m.j.i.AbstractJavaProjectConfigurator - Adding source folder /House_Renting_System/src/test/java
2023-06-14 13:22:20,365 [Worker-1: Updating Maven Project] INFO  o.e.m.c.i.p.ProjectConfigurationManager - Update completed for 1 poms: local refresh takes 0.00 sec, refresh facades takes 0.00 sec, update config takes 0.00 sec 
2023-06-14 13:22:20,564 [Worker-10: Building] INFO  o.e.m.c.i.embedder.EclipseLogger - Using 'UTF-8' encoding to copy filtered resources.
2023-06-14 13:22:20,566 [Worker-10: Building] INFO  o.e.m.c.i.embedder.EclipseLogger - Copying 1 resource
2023-06-14 13:22:20,595 [Worker-10: Building] INFO  o.e.m.c.i.embedder.EclipseLogger - Using 'UTF-8' encoding to copy filtered resources.
2023-06-14 13:22:20,595 [Worker-10: Building] INFO  o.e.m.c.i.embedder.EclipseLogger - skip non existing resourceDirectory C:\Users\ravin\Desktop\B26_SB101_CWProject\House_Renting_System\src\test\resources
2023-06-14 13:24:24,499 [Worker-13: Updating Maven Dependencies] INFO  o.e.m.c.i.l.LifecycleMappingFactory - Using org.eclipse.m2e.jdt.JarLifecycleMapping lifecycle mapping for MavenProject: com.masai:D25_Demo_project:0.0.1-SNAPSHOT @ C:\Users\ravin\Desktop\Additional\B25_SB101_Demo_project\B25_SB101_Demo_project\pom.xml.
2023-06-14 13:24:24,805 [Worker-13: Updating Maven Dependencies] WARN  o.e.m.c.i.embedder.EclipseLogger - The artifact mysql:mysql-connector-java:jar:8.0.32 has been relocated to com.mysql:mysql-connector-j:jar:8.0.32: MySQL Connector/J artifacts moved to reverse-DNS compliant Maven 2+ coordinates.
2023-06-14 13:24:24,807 [Worker-13: Updating Maven Dependencies] WARN  o.e.m.c.i.embedder.EclipseLogger - The artifact org.hibernate:hibernate-core:jar:6.1.7.Final has been relocated to org.hibernate.orm:hibernate-core:jar:6.1.7.Final
2023-06-14 13:24:28,323 [Worker-1: Building] INFO  o.e.m.c.i.embedder.EclipseLogger - Using 'UTF-8' encoding to copy filtered resources.
2023-06-14 13:24:28,324 [Worker-1: Building] INFO  o.e.m.c.i.embedder.EclipseLogger - Copying 1 resource
2023-06-14 13:24:28,338 [Worker-1: Building] INFO  o.e.m.c.i.embedder.EclipseLogger - Using 'UTF-8' encoding to copy filtered resources.
2023-06-14 13:24:28,339 [Worker-1: Building] INFO  o.e.m.c.i.embedder.EclipseLogger - skip non existing resourceDirectory C:\Users\ravin\Desktop\Additional\B25_SB101_Demo_project\B25_SB101_Demo_project\src\test\resources
2023-06-14 13:34:15,356 [Worker-18: Building] INFO  o.e.m.c.i.embedder.EclipseLogger - Using 'UTF-8' encoding to copy filtered resources.
2023-06-14 13:34:15,361 [Worker-18: Building] INFO  o.e.m.c.i.embedder.EclipseLogger - Copying 1 resource
2023-06-14 13:34:15,365 [Worker-18: Building] INFO  o.e.m.c.i.embedder.EclipseLogger - Using 'UTF-8' encoding to copy filtered resources.
2023-06-14 13:34:15,365 [Worker-18: Building] INFO  o.e.m.c.i.embedder.EclipseLogger - skip non existing resourceDirectory C:\Users\ravin\Desktop\B26_SB101_CWProject\House_Renting_System\src\test\resources
2023-06-14 13:36:32,300 [Worker-4: Building] INFO  o.e.m.c.i.embedder.EclipseLogger - Using 'UTF-8' encoding to copy filtered resources.
2023-06-14 13:36:32,302 [Worker-4: Building] INFO  o.e.m.c.i.embedder.EclipseLogger - Copying 1 resource
2023-06-14 13:36:32,307 [Worker-4: Building] INFO  o.e.m.c.i.embedder.EclipseLogger - Using 'UTF-8' encoding to copy filtered resources.
2023-06-14 13:36:32,308 [Worker-4: Building] INFO  o.e.m.c.i.embedder.EclipseLogger - skip non existing resourceDirectory C:\Users\ravin\Desktop\B26_SB101_CWProject\House_Renting_System\src\test\resources
2023-06-14 13:37:12,356 [Worker-18: Building] INFO  o.e.m.c.i.embedder.EclipseLogger - Using 'UTF-8' encoding to copy filtered resources.
2023-06-14 13:37:12,357 [Worker-18: Building] INFO  o.e.m.c.i.embedder.EclipseLogger - Copying 1 resource
2023-06-14 13:37:12,363 [Worker-18: Building] INFO  o.e.m.c.i.embedder.EclipseLogger - Using 'UTF-8' encoding to copy filtered resources.
2023-06-14 13:37:12,363 [Worker-18: Building] INFO  o.e.m.c.i.embedder.EclipseLogger - skip non existing resourceDirectory C:\Users\ravin\Desktop\B26_SB101_CWProject\House_Renting_System\src\test\resources
2023-06-14 13:37:15,392 [Worker-17: Building] INFO  o.e.m.c.i.embedder.EclipseLogger - Using 'UTF-8' encoding to copy filtered resources.
2023-06-14 13:37:15,393 [Worker-17: Building] INFO  o.e.m.c.i.embedder.EclipseLogger - Copying 1 resource
2023-06-14 13:37:15,397 [Worker-17: Building] INFO  o.e.m.c.i.embedder.EclipseLogger - Using 'UTF-8' encoding to copy filtered resources.
2023-06-14 13:37:15,398 [Worker-17: Building] INFO  o.e.m.c.i.embedder.EclipseLogger - skip non existing resourceDirectory C:\Users\ravin\Desktop\B26_SB101_CWProject\House_Renting_System\src\test\resources
2023-06-14 23:10:18,635 [Worker-0: Loading available Gradle versions] INFO  o.e.b.c.i.u.g.PublishedGradleVersions - Gradle version information cache is up-to-date. Trying to read.
2023-06-14 23:11:42,049 [Worker-0: Loading available Gradle versions] INFO  o.e.b.c.i.u.g.PublishedGradleVersions - Gradle version information cache is up-to-date. Trying to read.
2023-06-14 23:12:27,617 [Worker-0: Building] WARN  o.e.m.c.i.embedder.EclipseLogger - The artifact mysql:mysql-connector-java:jar:8.0.33 has been relocated to com.mysql:mysql-connector-j:jar:8.0.33: MySQL Connector/J artifacts moved to reverse-DNS compliant Maven 2+ coordinates.
2023-06-14 23:12:27,626 [Worker-0: Building] WARN  o.e.m.c.i.embedder.EclipseLogger - The artifact org.hibernate:hibernate-core:jar:6.1.7.Final has been relocated to org.hibernate.orm:hibernate-core:jar:6.1.7.Final
2023-06-14 23:12:31,442 [Worker-0: Building] INFO  o.e.m.c.i.embedder.EclipseLogger - Using 'UTF-8' encoding to copy filtered resources.
2023-06-14 23:12:31,451 [Worker-0: Building] INFO  o.e.m.c.i.embedder.EclipseLogger - Copying 1 resource
2023-06-14 23:12:31,465 [Worker-0: Building] INFO  o.e.m.c.i.embedder.EclipseLogger - Using 'UTF-8' encoding to copy filtered resources.
2023-06-14 23:12:31,465 [Worker-0: Building] INFO  o.e.m.c.i.embedder.EclipseLogger - skip non existing resourceDirectory C:\Users\ravin\Desktop\hissing-pin-2916\House_Renting_System\src\test\resources
2023-06-15 13:41:54,290 [Worker-0: Loading available Gradle versions] INFO  o.e.b.c.i.u.g.PublishedGradleVersions - Gradle version information cache is out-of-date. Trying to update.
2023-06-15 17:22:15,062 [Worker-11: Building] WARN  o.e.m.c.i.embedder.EclipseLogger - The artifact mysql:mysql-connector-java:jar:8.0.33 has been relocated to com.mysql:mysql-connector-j:jar:8.0.33: MySQL Connector/J artifacts moved to reverse-DNS compliant Maven 2+ coordinates.
2023-06-15 17:22:15,072 [Worker-11: Building] WARN  o.e.m.c.i.embedder.EclipseLogger - The artifact org.hibernate:hibernate-core:jar:6.1.7.Final has been relocated to org.hibernate.orm:hibernate-core:jar:6.1.7.Final
2023-06-15 17:22:19,658 [Worker-11: Building] INFO  o.e.m.c.i.embedder.EclipseLogger - Using 'UTF-8' encoding to copy filtered resources.
2023-06-15 17:22:19,665 [Worker-11: Building] INFO  o.e.m.c.i.embedder.EclipseLogger - Copying 1 resource
2023-06-15 17:22:19,700 [Worker-11: Building] INFO  o.e.m.c.i.embedder.EclipseLogger - Using 'UTF-8' encoding to copy filtered resources.
2023-06-15 17:22:19,700 [Worker-11: Building] INFO  o.e.m.c.i.embedder.EclipseLogger - skip non existing resourceDirectory C:\Users\ravin\Desktop\hissing-pin-2916\House_Renting_System\src\test\resources
2023-06-15 17:22:36,963 [Worker-3: Building] INFO  o.e.m.c.i.embedder.EclipseLogger - Using 'UTF-8' encoding to copy filtered resources.
2023-06-15 17:22:36,968 [Worker-3: Building] INFO  o.e.m.c.i.embedder.EclipseLogger - Copying 1 resource
2023-06-15 17:22:36,972 [Worker-3: Building] INFO  o.e.m.c.i.embedder.EclipseLogger - Using 'UTF-8' encoding to copy filtered resources.
2023-06-15 17:22:36,972 [Worker-3: Building] INFO  o.e.m.c.i.embedder.EclipseLogger - skip non existing resourceDirectory C:\Users\ravin\Desktop\hissing-pin-2916\House_Renting_System\src\test\resources
2023-06-15 17:26:34,141 [Worker-11: Building] INFO  o.e.m.c.i.embedder.EclipseLogger - Using 'UTF-8' encoding to copy filtered resources.
2023-06-15 17:26:34,143 [Worker-11: Building] INFO  o.e.m.c.i.embedder.EclipseLogger - Copying 1 resource
2023-06-15 17:26:34,148 [Worker-11: Building] INFO  o.e.m.c.i.embedder.EclipseLogger - Using 'UTF-8' encoding to copy filtered resources.
2023-06-15 17:26:34,149 [Worker-11: Building] INFO  o.e.m.c.i.embedder.EclipseLogger - skip non existing resourceDirectory C:\Users\ravin\Desktop\hissing-pin-2916\House_Renting_System\src\test\resources
2023-06-15 17:29:21,406 [Worker-16: Building] INFO  o.e.m.c.i.embedder.EclipseLogger - Using 'UTF-8' encoding to copy filtered resources.
2023-06-15 17:29:21,408 [Worker-16: Building] INFO  o.e.m.c.i.embedder.EclipseLogger - Copying 1 resource
2023-06-15 17:29:21,412 [Worker-16: Building] INFO  o.e.m.c.i.embedder.EclipseLogger - Using 'UTF-8' encoding to copy filtered resources.
2023-06-15 17:29:21,412 [Worker-16: Building] INFO  o.e.m.c.i.embedder.EclipseLogger - skip non existing resourceDirectory C:\Users\ravin\Desktop\hissing-pin-2916\House_Renting_System\src\test\resources
2023-06-15 17:30:33,796 [Worker-16: Building] INFO  o.e.m.c.i.embedder.EclipseLogger - Using 'UTF-8' encoding to copy filtered resources.
2023-06-15 17:30:33,797 [Worker-16: Building] INFO  o.e.m.c.i.embedder.EclipseLogger - Copying 1 resource
2023-06-15 17:30:33,801 [Worker-16: Building] INFO  o.e.m.c.i.embedder.EclipseLogger - Using 'UTF-8' encoding to copy filtered resources.
2023-06-15 17:30:33,802 [Worker-16: Building] INFO  o.e.m.c.i.embedder.EclipseLogger - skip non existing resourceDirectory C:\Users\ravin\Desktop\hissing-pin-2916\House_Renting_System\src\test\resources
2023-06-17 09:36:13,094 [Worker-1: Loading available Gradle versions] INFO  o.e.b.c.i.u.g.PublishedGradleVersions - Gradle version information cache is out-of-date. Trying to update.
2023-06-17 09:36:17,906 [Worker-3: reload maven project] WARN  o.e.m.c.i.embedder.EclipseLogger - The artifact mysql:mysql-connector-java:jar:8.0.33 has been relocated to com.mysql:mysql-connector-j:jar:8.0.33: MySQL Connector/J artifacts moved to reverse-DNS compliant Maven 2+ coordinates.
2023-06-17 09:36:17,925 [Worker-3: reload maven project] WARN  o.e.m.c.i.embedder.EclipseLogger - The artifact org.hibernate:hibernate-core:jar:6.1.7.Final has been relocated to org.hibernate.orm:hibernate-core:jar:6.1.7.Final
2023-06-17 09:36:20,249 [Worker-0: Building] WARN  o.e.m.c.i.embedder.EclipseLogger - The artifact mysql:mysql-connector-java:jar:8.0.32 has been relocated to com.mysql:mysql-connector-j:jar:8.0.32: MySQL Connector/J artifacts moved to reverse-DNS compliant Maven 2+ coordinates.
2023-06-17 09:36:20,251 [Worker-0: Building] WARN  o.e.m.c.i.embedder.EclipseLogger - The artifact org.hibernate:hibernate-core:jar:6.1.7.Final has been relocated to org.hibernate.orm:hibernate-core:jar:6.1.7.Final
2023-06-17 10:08:52,553 [Worker-4: Building] INFO  o.e.m.c.i.embedder.EclipseLogger - Using 'UTF-8' encoding to copy filtered resources.
2023-06-17 10:08:52,559 [Worker-4: Building] INFO  o.e.m.c.i.embedder.EclipseLogger - Copying 1 resource
2023-06-17 10:08:52,574 [Worker-4: Building] INFO  o.e.m.c.i.embedder.EclipseLogger - Using 'UTF-8' encoding to copy filtered resources.
2023-06-17 10:08:52,575 [Worker-4: Building] INFO  o.e.m.c.i.embedder.EclipseLogger - skip non existing resourceDirectory C:\Users\ravin\Desktop\hissing-pin-2916\House_Renting_System\src\test\resources
2023-06-17 10:09:04,778 [Worker-11: Building] INFO  o.e.m.c.i.embedder.EclipseLogger - Using 'UTF-8' encoding to copy filtered resources.
2023-06-17 10:09:04,788 [Worker-11: Building] INFO  o.e.m.c.i.embedder.EclipseLogger - Copying 1 resource
2023-06-17 10:09:04,793 [Worker-11: Building] INFO  o.e.m.c.i.embedder.EclipseLogger - Using 'UTF-8' encoding to copy filtered resources.
2023-06-17 10:09:04,793 [Worker-11: Building] INFO  o.e.m.c.i.embedder.EclipseLogger - skip non existing resourceDirectory C:\Users\ravin\Desktop\hissing-pin-2916\House_Renting_System\src\test\resources
2023-06-17 10:13:58,606 [Worker-14: Building] INFO  o.e.m.c.i.embedder.EclipseLogger - Using 'UTF-8' encoding to copy filtered resources.
2023-06-17 10:13:58,607 [Worker-14: Building] INFO  o.e.m.c.i.embedder.EclipseLogger - Copying 1 resource
2023-06-17 10:13:58,619 [Worker-14: Building] INFO  o.e.m.c.i.embedder.EclipseLogger - Using 'UTF-8' encoding to copy filtered resources.
2023-06-17 10:13:58,619 [Worker-14: Building] INFO  o.e.m.c.i.embedder.EclipseLogger - skip non existing resourceDirectory C:\Users\ravin\Desktop\hissing-pin-2916\House_Renting_System\src\test\resources
2023-06-17 10:26:40,015 [Worker-17: Building] INFO  o.e.m.c.i.embedder.EclipseLogger - Using 'UTF-8' encoding to copy filtered resources.
2023-06-17 10:26:40,018 [Worker-17: Building] INFO  o.e.m.c.i.embedder.EclipseLogger - Copying 1 resource
2023-06-17 10:26:40,025 [Worker-17: Building] INFO  o.e.m.c.i.embedder.EclipseLogger - Using 'UTF-8' encoding to copy filtered resources.
2023-06-17 10:26:40,025 [Worker-17: Building] INFO  o.e.m.c.i.embedder.EclipseLogger - skip non existing resourceDirectory C:\Users\ravin\Desktop\hissing-pin-2916\House_Renting_System\src\test\resources
